build/app/intermediates/manifest_merge_blame_file/debug/manifest-merger-blame-debug-report.txt
1<?xml version="1.0" encoding="utf-8"?>
2<manifest xmlns:android="http://schemas.android.com/apk/res/android"
3    package="com.example.bebeautyapp"
4    android:installLocation="preferExternal"
5    android:versionCode="1"
6    android:versionName="1.0.0" >
7
8    <uses-sdk
9        android:minSdkVersion="21"
10        android:targetSdkVersion="32" />
11    <!--
12         Flutter needs it to communicate with the running application
13         to allow setting breakpoints, to provide hot reload, etc.
14    -->
15    <uses-permission android:name="android.permission.INTERNET" />
15-->src/main/AndroidManifest.xml:6:5-66
15-->src/main/AndroidManifest.xml:6:22-64
16    <uses-permission android:name="android.permission.READ_EXTERNAL_STORAGE" />
16-->src/main/AndroidManifest.xml:7:5-79
16-->src/main/AndroidManifest.xml:7:22-77
17    <uses-permission android:name="android.permission.WRITE_EXTERNAL_STORAGE" />
17-->src/main/AndroidManifest.xml:8:5-80
17-->src/main/AndroidManifest.xml:8:22-78
18    <uses-permission android:name="android.permission.CAMERA" />
18-->src/main/AndroidManifest.xml:9:5-65
18-->src/main/AndroidManifest.xml:9:22-62
19    <uses-permission android:name="android.permission.ACCESS_FINE_LOCATION" />
19-->src/main/AndroidManifest.xml:10:5-79
19-->src/main/AndroidManifest.xml:10:22-76
20    <uses-permission android:name="android.permission.ACCESS_COARSE_LOCATION" />
20-->src/main/AndroidManifest.xml:11:5-81
20-->src/main/AndroidManifest.xml:11:22-78
21    <uses-permission android:name="android.permission.FOREGROUND_SERVICE" />
21-->[:geolocator_android] AndroidManifest.xml:9:5-77
21-->[:geolocator_android] AndroidManifest.xml:9:22-74
22    <uses-permission android:name="android.permission.ACCESS_NETWORK_STATE" />
22-->[com.google.firebase:firebase-auth:21.0.7] AndroidManifest.xml:24:5-79
22-->[com.google.firebase:firebase-auth:21.0.7] AndroidManifest.xml:24:22-76
23
24    <queries>
24-->[com.facebook.android:facebook-common:14.1.1] AndroidManifest.xml:29:5-31:15
25        <package android:name="com.facebook.katana" />
25-->[com.facebook.android:facebook-common:14.1.1] AndroidManifest.xml:30:9-55
25-->[com.facebook.android:facebook-common:14.1.1] AndroidManifest.xml:30:18-52
26    </queries>
27
28    <uses-permission android:name="com.google.android.gms.permission.AD_ID" />
28-->[com.facebook.android:facebook-core:14.1.1] AndroidManifest.xml:28:5-79
28-->[com.facebook.android:facebook-core:14.1.1] AndroidManifest.xml:28:22-76
29    <uses-permission android:name="com.google.android.finsky.permission.BIND_GET_INSTALL_REFERRER_SERVICE" />
29-->[com.android.installreferrer:installreferrer:1.0] AndroidManifest.xml:9:5-110
29-->[com.android.installreferrer:installreferrer:1.0] AndroidManifest.xml:9:22-107
30
31    <application
31-->src/main/AndroidManifest.xml:15:4-62:18
32        android:appComponentFactory="androidx.core.app.CoreComponentFactory"
32-->[androidx.core:core:1.8.0] AndroidManifest.xml:24:18-86
33        android:debuggable="true"
34        android:icon="@mipmap/ic_launcher"
34-->src/main/AndroidManifest.xml:17:9-43
35        android:label="bebeautyapp"
35-->src/main/AndroidManifest.xml:16:9-36
36        android:supportsRtl="true" >
36-->[com.facebook.android:facebook-login:14.1.1] AndroidManifest.xml:28:18-44
37        <activity
37-->src/main/AndroidManifest.xml:18:9-47:20
38            android:name="com.example.bebeautyapp.MainActivity"
38-->src/main/AndroidManifest.xml:19:13-41
39            android:configChanges="orientation|keyboardHidden|keyboard|screenSize|smallestScreenSize|locale|layoutDirection|fontScale|screenLayout|density|uiMode"
39-->src/main/AndroidManifest.xml:22:13-163
40            android:exported="true"
40-->src/main/AndroidManifest.xml:24:13-36
41            android:hardwareAccelerated="true"
41-->src/main/AndroidManifest.xml:23:13-47
42            android:launchMode="singleTop"
42-->src/main/AndroidManifest.xml:20:13-43
43            android:theme="@style/LaunchTheme"
43-->src/main/AndroidManifest.xml:21:13-47
44            android:windowSoftInputMode="adjustResize" >
44-->src/main/AndroidManifest.xml:25:13-55
45
46            <!--
47                 Specifies an Android theme to apply to this Activity as soon as
48                 the Android process has started. This theme is visible to the user
49                 while the Flutter UI initializes. After that, this theme continues
50                 to determine the Window background behind the Flutter UI.
51            -->
52            <meta-data
52-->src/main/AndroidManifest.xml:30:13-33:17
53                android:name="io.flutter.embedding.android.NormalTheme"
53-->src/main/AndroidManifest.xml:31:15-70
54                android:resource="@style/NormalTheme" />
54-->src/main/AndroidManifest.xml:32:15-52
55            <!--
56                 Displays an Android View that continues showing the launch screen
57                 Drawable until Flutter paints its first frame, then this splash
58                 screen fades out. A splash screen is useful to avoid any visual
59                 gap between the end of Android's launch screen and the painting of
60                 Flutter's first frame.
61            -->
62            <meta-data
62-->src/main/AndroidManifest.xml:39:13-42:17
63                android:name="io.flutter.embedding.android.SplashScreenDrawable"
63-->src/main/AndroidManifest.xml:40:15-79
64                android:resource="@drawable/launch_background" />
64-->src/main/AndroidManifest.xml:41:15-61
65
66            <intent-filter>
66-->src/main/AndroidManifest.xml:43:13-46:29
67                <action android:name="android.intent.action.MAIN" />
67-->src/main/AndroidManifest.xml:44:17-68
67-->src/main/AndroidManifest.xml:44:25-66
68
69                <category android:name="android.intent.category.LAUNCHER" />
69-->src/main/AndroidManifest.xml:45:17-76
69-->src/main/AndroidManifest.xml:45:27-74
70            </intent-filter>
71        </activity>
72        <!--
73            Don't delete the meta-data below.
74            This is used by the Flutter tool to generate GeneratedPluginRegistrant.java
75        -->
76        <meta-data
76-->src/main/AndroidManifest.xml:50:9-52:33
77            android:name="flutterEmbedding"
77-->src/main/AndroidManifest.xml:51:13-44
78            android:value="2" />
78-->src/main/AndroidManifest.xml:52:13-30
79        <meta-data
79-->src/main/AndroidManifest.xml:53:8-57:14
80            android:name="com.facebook.sdk.ApplicationId"
80-->src/main/AndroidManifest.xml:54:12-57
81            android:value="@string/facebook_app_id" />
81-->src/main/AndroidManifest.xml:56:12-51
82        <meta-data
82-->src/main/AndroidManifest.xml:59:8-60:69
83            android:name="com.google.android.geo.API_KEY"
83-->src/main/AndroidManifest.xml:59:19-64
84            android:value="AIzaSyAp41ZgveBzyy8Pa1Zeb2HcWWjqtKezi24" />
84-->src/main/AndroidManifest.xml:60:12-67
85
86        <service
86-->[:firebase_database] AndroidManifest.xml:10:9-14:19
87            android:name="com.google.firebase.components.ComponentDiscoveryService"
87-->[:firebase_database] AndroidManifest.xml:10:18-89
88            android:directBootAware="true"
88-->[com.google.firebase:firebase-common:20.1.1] AndroidManifest.xml:35:13-43
89            android:exported="false" >
89-->[com.google.firebase:firebase-auth:21.0.7] AndroidManifest.xml:66:13-37
90            <meta-data
90-->[:firebase_database] AndroidManifest.xml:11:13-13:85
91                android:name="com.google.firebase.components:io.flutter.plugins.firebase.database.FlutterFirebaseAppRegistrar"
91-->[:firebase_database] AndroidManifest.xml:12:17-127
92                android:value="com.google.firebase.components.ComponentRegistrar" />
92-->[:firebase_database] AndroidManifest.xml:13:17-82
93            <meta-data
93-->[:cloud_firestore] AndroidManifest.xml:11:13-13:85
94                android:name="com.google.firebase.components:io.flutter.plugins.firebase.firestore.FlutterFirebaseFirestoreRegistrar"
94-->[:cloud_firestore] AndroidManifest.xml:12:17-134
95                android:value="com.google.firebase.components.ComponentRegistrar" />
95-->[:cloud_firestore] AndroidManifest.xml:13:17-82
96            <meta-data
96-->[:firebase_auth] AndroidManifest.xml:11:13-13:85
97                android:name="com.google.firebase.components:io.flutter.plugins.firebase.auth.FlutterFirebaseAuthRegistrar"
97-->[:firebase_auth] AndroidManifest.xml:12:17-124
98                android:value="com.google.firebase.components.ComponentRegistrar" />
98-->[:firebase_auth] AndroidManifest.xml:13:17-82
99            <meta-data
99-->[:firebase_storage] AndroidManifest.xml:11:13-13:85
100                android:name="com.google.firebase.components:io.flutter.plugins.firebase.storage.FlutterFirebaseAppRegistrar"
100-->[:firebase_storage] AndroidManifest.xml:12:17-126
101                android:value="com.google.firebase.components.ComponentRegistrar" />
101-->[:firebase_storage] AndroidManifest.xml:13:17-82
102            <meta-data
102-->[:firebase_core] AndroidManifest.xml:11:13-13:85
103                android:name="com.google.firebase.components:io.flutter.plugins.firebase.core.FlutterFirebaseCoreRegistrar"
103-->[:firebase_core] AndroidManifest.xml:12:17-124
104                android:value="com.google.firebase.components.ComponentRegistrar" />
104-->[:firebase_core] AndroidManifest.xml:13:17-82
105            <meta-data
105-->[com.google.firebase:firebase-auth:21.0.7] AndroidManifest.xml:67:13-69:85
106                android:name="com.google.firebase.components:com.google.firebase.auth.FirebaseAuthRegistrar"
106-->[com.google.firebase:firebase-auth:21.0.7] AndroidManifest.xml:68:17-109
107                android:value="com.google.firebase.components.ComponentRegistrar" />
107-->[com.google.firebase:firebase-auth:21.0.7] AndroidManifest.xml:69:17-82
108            <meta-data
108-->[com.google.firebase:firebase-firestore:24.2.2] AndroidManifest.xml:20:13-22:85
109                android:name="com.google.firebase.components:com.google.firebase.firestore.FirestoreRegistrar"
109-->[com.google.firebase:firebase-firestore:24.2.2] AndroidManifest.xml:21:17-111
110                android:value="com.google.firebase.components.ComponentRegistrar" />
110-->[com.google.firebase:firebase-firestore:24.2.2] AndroidManifest.xml:22:17-82
111            <meta-data
111-->[com.google.firebase:firebase-storage:20.0.1] AndroidManifest.xml:33:13-35:85
112                android:name="com.google.firebase.components:com.google.firebase.storage.StorageRegistrar"
112-->[com.google.firebase:firebase-storage:20.0.1] AndroidManifest.xml:34:17-107
113                android:value="com.google.firebase.components.ComponentRegistrar" />
113-->[com.google.firebase:firebase-storage:20.0.1] AndroidManifest.xml:35:17-82
114            <meta-data
114-->[com.google.firebase:firebase-database:20.0.5] AndroidManifest.xml:32:13-34:85
115                android:name="com.google.firebase.components:com.google.firebase.database.DatabaseRegistrar"
115-->[com.google.firebase:firebase-database:20.0.5] AndroidManifest.xml:33:17-109
116                android:value="com.google.firebase.components.ComponentRegistrar" />
116-->[com.google.firebase:firebase-database:20.0.5] AndroidManifest.xml:34:17-82
117        </service>
118        <service
118-->[:geolocator_android] AndroidManifest.xml:12:9-16:56
119            android:name="com.baseflow.geolocator.GeolocatorLocationService"
119-->[:geolocator_android] AndroidManifest.xml:13:13-77
120            android:enabled="true"
120-->[:geolocator_android] AndroidManifest.xml:14:13-35
121            android:exported="false"
121-->[:geolocator_android] AndroidManifest.xml:15:13-37
122            android:foregroundServiceType="location" />
122-->[:geolocator_android] AndroidManifest.xml:16:13-53
123
124        <provider
124-->[:image_picker_android] AndroidManifest.xml:10:9-18:20
125            android:name="io.flutter.plugins.imagepicker.ImagePickerFileProvider"
125-->[:image_picker_android] AndroidManifest.xml:11:13-82
126            android:authorities="com.example.bebeautyapp.flutter.image_provider"
126-->[:image_picker_android] AndroidManifest.xml:12:13-74
127            android:exported="false"
127-->[:image_picker_android] AndroidManifest.xml:13:13-37
128            android:grantUriPermissions="true" >
128-->[:image_picker_android] AndroidManifest.xml:14:13-47
129            <meta-data
129-->[:image_picker_android] AndroidManifest.xml:15:13-17:75
130                android:name="android.support.FILE_PROVIDER_PATHS"
130-->[:image_picker_android] AndroidManifest.xml:16:17-67
131                android:resource="@xml/flutter_image_picker_file_paths" />
131-->[:image_picker_android] AndroidManifest.xml:17:17-72
132        </provider>
133
134        <activity
134-->[:url_launcher_android] AndroidManifest.xml:10:9-13:74
135            android:name="io.flutter.plugins.urllauncher.WebViewActivity"
135-->[:url_launcher_android] AndroidManifest.xml:11:13-74
136            android:exported="false"
136-->[:url_launcher_android] AndroidManifest.xml:12:13-37
137            android:theme="@android:style/Theme.NoTitleBar.Fullscreen" />
137-->[:url_launcher_android] AndroidManifest.xml:13:13-71
138        <activity
138-->[com.google.firebase:firebase-auth:21.0.7] AndroidManifest.xml:27:9-44:20
139            android:name="com.google.firebase.auth.internal.GenericIdpActivity"
139-->[com.google.firebase:firebase-auth:21.0.7] AndroidManifest.xml:28:13-80
140            android:excludeFromRecents="true"
140-->[com.google.firebase:firebase-auth:21.0.7] AndroidManifest.xml:29:13-46
141            android:exported="true"
141-->[com.google.firebase:firebase-auth:21.0.7] AndroidManifest.xml:30:13-36
142            android:launchMode="singleTask"
142-->[com.google.firebase:firebase-auth:21.0.7] AndroidManifest.xml:31:13-44
143            android:theme="@android:style/Theme.Translucent.NoTitleBar" >
143-->[com.google.firebase:firebase-auth:21.0.7] AndroidManifest.xml:32:13-72
144            <intent-filter>
144-->[com.google.firebase:firebase-auth:21.0.7] AndroidManifest.xml:33:13-43:29
145                <action android:name="android.intent.action.VIEW" />
145-->[com.google.firebase:firebase-auth:21.0.7] AndroidManifest.xml:34:17-69
145-->[com.google.firebase:firebase-auth:21.0.7] AndroidManifest.xml:34:25-66
146
147                <category android:name="android.intent.category.DEFAULT" />
147-->[com.google.firebase:firebase-auth:21.0.7] AndroidManifest.xml:36:17-76
147-->[com.google.firebase:firebase-auth:21.0.7] AndroidManifest.xml:36:27-73
148                <category android:name="android.intent.category.BROWSABLE" />
148-->[com.google.firebase:firebase-auth:21.0.7] AndroidManifest.xml:37:17-78
148-->[com.google.firebase:firebase-auth:21.0.7] AndroidManifest.xml:37:27-75
149
150                <data
150-->[com.google.firebase:firebase-auth:21.0.7] AndroidManifest.xml:39:17-42:51
151                    android:host="firebase.auth"
151-->[com.google.firebase:firebase-auth:21.0.7] AndroidManifest.xml:40:21-49
152                    android:path="/"
152-->[com.google.firebase:firebase-auth:21.0.7] AndroidManifest.xml:41:21-37
153                    android:scheme="genericidp" />
153-->[com.google.firebase:firebase-auth:21.0.7] AndroidManifest.xml:42:21-48
154            </intent-filter>
155        </activity>
156        <activity
156-->[com.google.firebase:firebase-auth:21.0.7] AndroidManifest.xml:45:9-62:20
157            android:name="com.google.firebase.auth.internal.RecaptchaActivity"
157-->[com.google.firebase:firebase-auth:21.0.7] AndroidManifest.xml:46:13-79
158            android:excludeFromRecents="true"
158-->[com.google.firebase:firebase-auth:21.0.7] AndroidManifest.xml:47:13-46
159            android:exported="true"
159-->[com.google.firebase:firebase-auth:21.0.7] AndroidManifest.xml:48:13-36
160            android:launchMode="singleTask"
160-->[com.google.firebase:firebase-auth:21.0.7] AndroidManifest.xml:49:13-44
161            android:theme="@android:style/Theme.Translucent.NoTitleBar" >
161-->[com.google.firebase:firebase-auth:21.0.7] AndroidManifest.xml:50:13-72
162            <intent-filter>
162-->[com.google.firebase:firebase-auth:21.0.7] AndroidManifest.xml:51:13-61:29
163                <action android:name="android.intent.action.VIEW" />
163-->[com.google.firebase:firebase-auth:21.0.7] AndroidManifest.xml:34:17-69
163-->[com.google.firebase:firebase-auth:21.0.7] AndroidManifest.xml:34:25-66
164
165                <category android:name="android.intent.category.DEFAULT" />
165-->[com.google.firebase:firebase-auth:21.0.7] AndroidManifest.xml:36:17-76
165-->[com.google.firebase:firebase-auth:21.0.7] AndroidManifest.xml:36:27-73
166                <category android:name="android.intent.category.BROWSABLE" />
166-->[com.google.firebase:firebase-auth:21.0.7] AndroidManifest.xml:37:17-78
166-->[com.google.firebase:firebase-auth:21.0.7] AndroidManifest.xml:37:27-75
167
168                <data
168-->[com.google.firebase:firebase-auth:21.0.7] AndroidManifest.xml:39:17-42:51
169                    android:host="firebase.auth"
169-->[com.google.firebase:firebase-auth:21.0.7] AndroidManifest.xml:40:21-49
170                    android:path="/"
170-->[com.google.firebase:firebase-auth:21.0.7] AndroidManifest.xml:41:21-37
171                    android:scheme="recaptcha" />
171-->[com.google.firebase:firebase-auth:21.0.7] AndroidManifest.xml:42:21-48
172            </intent-filter>
173        </activity>
174
175        <provider
175-->[com.google.firebase:firebase-common:20.1.1] AndroidManifest.xml:26:9-31:39
176            android:name="com.google.firebase.provider.FirebaseInitProvider"
176-->[com.google.firebase:firebase-common:20.1.1] AndroidManifest.xml:27:13-77
177            android:authorities="com.example.bebeautyapp.firebaseinitprovider"
177-->[com.google.firebase:firebase-common:20.1.1] AndroidManifest.xml:28:13-72
178            android:directBootAware="true"
178-->[com.google.firebase:firebase-common:20.1.1] AndroidManifest.xml:29:13-43
179            android:exported="false"
179-->[com.google.firebase:firebase-common:20.1.1] AndroidManifest.xml:30:13-37
180            android:initOrder="100" />
180-->[com.google.firebase:firebase-common:20.1.1] AndroidManifest.xml:31:13-36
181
182        <activity
182-->[com.google.android.gms:play-services-auth:20.0.1] AndroidManifest.xml:23:9-27:75
183            android:name="com.google.android.gms.auth.api.signin.internal.SignInHubActivity"
183-->[com.google.android.gms:play-services-auth:20.0.1] AndroidManifest.xml:24:13-93
184            android:excludeFromRecents="true"
184-->[com.google.android.gms:play-services-auth:20.0.1] AndroidManifest.xml:25:13-46
185            android:exported="false"
185-->[com.google.android.gms:play-services-auth:20.0.1] AndroidManifest.xml:26:13-37
186            android:theme="@android:style/Theme.Translucent.NoTitleBar" />
186-->[com.google.android.gms:play-services-auth:20.0.1] AndroidManifest.xml:27:13-72
187        <!--
188            Service handling Google Sign-In user revocation. For apps that do not integrate with
189            Google Sign-In, this service will never be started.
190        -->
191        <service
191-->[com.google.android.gms:play-services-auth:20.0.1] AndroidManifest.xml:33:9-37:51
192            android:name="com.google.android.gms.auth.api.signin.RevocationBoundService"
192-->[com.google.android.gms:play-services-auth:20.0.1] AndroidManifest.xml:34:13-89
193            android:exported="true"
193-->[com.google.android.gms:play-services-auth:20.0.1] AndroidManifest.xml:35:13-36
194            android:permission="com.google.android.gms.auth.api.signin.permission.REVOCATION_NOTIFICATION"
194-->[com.google.android.gms:play-services-auth:20.0.1] AndroidManifest.xml:36:13-107
195            android:visibleToInstantApps="true" />
195-->[com.google.android.gms:play-services-auth:20.0.1] AndroidManifest.xml:37:13-48
196
197        <activity
197-->[com.google.android.gms:play-services-base:18.0.1] AndroidManifest.xml:20:9-22:45
198            android:name="com.google.android.gms.common.api.GoogleApiActivity"
198-->[com.google.android.gms:play-services-base:18.0.1] AndroidManifest.xml:20:19-85
199            android:exported="false"
199-->[com.google.android.gms:play-services-base:18.0.1] AndroidManifest.xml:22:19-43
200            android:theme="@android:style/Theme.Translucent.NoTitleBar" />
200-->[com.google.android.gms:play-services-base:18.0.1] AndroidManifest.xml:21:19-78
201
202        <meta-data
202-->[com.google.android.gms:play-services-basement:18.0.0] AndroidManifest.xml:21:9-23:69
203            android:name="com.google.android.gms.version"
203-->[com.google.android.gms:play-services-basement:18.0.0] AndroidManifest.xml:22:13-58
204            android:value="@integer/google_play_services_version" />
204-->[com.google.android.gms:play-services-basement:18.0.0] AndroidManifest.xml:23:13-66
205
206        <activity
206-->[com.facebook.android:facebook-common:14.1.1] AndroidManifest.xml:34:9-37:66
207            android:name="com.facebook.FacebookActivity"
207-->[com.facebook.android:facebook-common:14.1.1] AndroidManifest.xml:35:13-57
208            android:configChanges="keyboard|keyboardHidden|screenLayout|screenSize|orientation"
208-->[com.facebook.android:facebook-common:14.1.1] AndroidManifest.xml:36:13-96
209            android:theme="@style/com_facebook_activity_theme" />
209-->[com.facebook.android:facebook-common:14.1.1] AndroidManifest.xml:37:13-63
210        <activity android:name="com.facebook.CustomTabMainActivity" />
210-->[com.facebook.android:facebook-common:14.1.1] AndroidManifest.xml:38:9-71
210-->[com.facebook.android:facebook-common:14.1.1] AndroidManifest.xml:38:19-68
211        <activity
211-->[com.facebook.android:facebook-common:14.1.1] AndroidManifest.xml:39:9-53:20
212            android:name="com.facebook.CustomTabActivity"
212-->[com.facebook.android:facebook-common:14.1.1] AndroidManifest.xml:40:13-58
213            android:exported="true" >
213-->[com.facebook.android:facebook-common:14.1.1] AndroidManifest.xml:41:13-36
214            <intent-filter>
214-->[com.facebook.android:facebook-common:14.1.1] AndroidManifest.xml:43:13-52:29
215                <action android:name="android.intent.action.VIEW" />
215-->[com.google.firebase:firebase-auth:21.0.7] AndroidManifest.xml:34:17-69
215-->[com.google.firebase:firebase-auth:21.0.7] AndroidManifest.xml:34:25-66
216
217                <category android:name="android.intent.category.DEFAULT" />
217-->[com.google.firebase:firebase-auth:21.0.7] AndroidManifest.xml:36:17-76
217-->[com.google.firebase:firebase-auth:21.0.7] AndroidManifest.xml:36:27-73
218                <category android:name="android.intent.category.BROWSABLE" />
218-->[com.google.firebase:firebase-auth:21.0.7] AndroidManifest.xml:37:17-78
218-->[com.google.firebase:firebase-auth:21.0.7] AndroidManifest.xml:37:27-75
219
220                <data
220-->[com.google.firebase:firebase-auth:21.0.7] AndroidManifest.xml:39:17-42:51
221                    android:host="cct.com.example.bebeautyapp"
221-->[com.google.firebase:firebase-auth:21.0.7] AndroidManifest.xml:40:21-49
222                    android:scheme="fbconnect" />
222-->[com.google.firebase:firebase-auth:21.0.7] AndroidManifest.xml:42:21-48
223            </intent-filter>
224        </activity>
225        <!--
226         The initialization ContentProvider will call FacebookSdk.sdkInitialize automatically
227         with the application context. This config is merged in with the host app's manifest,
228         but there can only be one provider with the same authority activated at any given
229         point; so if the end user has two or more different apps that use Facebook SDK, only the
230         first one will be able to use the provider. To work around this problem, we use the
231         following placeholder in the authority to identify each host application as if it was
232         a completely different provider.
233        -->
234        <provider
234-->[com.facebook.android:facebook-core:14.1.1] AndroidManifest.xml:41:9-44:40
235            android:name="com.facebook.internal.FacebookInitProvider"
235-->[com.facebook.android:facebook-core:14.1.1] AndroidManifest.xml:42:13-70
236            android:authorities="com.example.bebeautyapp.FacebookInitProvider"
236-->[com.facebook.android:facebook-core:14.1.1] AndroidManifest.xml:43:13-72
237            android:exported="false" />
237-->[com.facebook.android:facebook-core:14.1.1] AndroidManifest.xml:44:13-37
238
239        <receiver
239-->[com.facebook.android:facebook-core:14.1.1] AndroidManifest.xml:46:9-52:20
240            android:name="com.facebook.CurrentAccessTokenExpirationBroadcastReceiver"
240-->[com.facebook.android:facebook-core:14.1.1] AndroidManifest.xml:47:13-86
241            android:exported="false" >
241-->[com.facebook.android:facebook-core:14.1.1] AndroidManifest.xml:48:13-37
242            <intent-filter>
242-->[com.facebook.android:facebook-core:14.1.1] AndroidManifest.xml:49:13-51:29
243                <action android:name="com.facebook.sdk.ACTION_CURRENT_ACCESS_TOKEN_CHANGED" />
243-->[com.facebook.android:facebook-core:14.1.1] AndroidManifest.xml:50:17-95
243-->[com.facebook.android:facebook-core:14.1.1] AndroidManifest.xml:50:25-92
244            </intent-filter>
245        </receiver>
246        <receiver
246-->[com.facebook.android:facebook-core:14.1.1] AndroidManifest.xml:53:9-59:20
247            android:name="com.facebook.AuthenticationTokenManager$CurrentAuthenticationTokenChangedBroadcastReceiver"
247-->[com.facebook.android:facebook-core:14.1.1] AndroidManifest.xml:54:13-118
248            android:exported="false" >
248-->[com.facebook.android:facebook-core:14.1.1] AndroidManifest.xml:55:13-37
249            <intent-filter>
249-->[com.facebook.android:facebook-core:14.1.1] AndroidManifest.xml:56:13-58:29
250                <action android:name="com.facebook.sdk.ACTION_CURRENT_AUTHENTICATION_TOKEN_CHANGED" />
250-->[com.facebook.android:facebook-core:14.1.1] AndroidManifest.xml:57:17-103
250-->[com.facebook.android:facebook-core:14.1.1] AndroidManifest.xml:57:25-100
251            </intent-filter>
252        </receiver>
253
254        <provider
254-->[com.sangcomz:FishBun:0.11.2] AndroidManifest.xml:12:9-20:20
255            android:name="com.sangcomz.fishbun.FishBunFileProvider"
255-->[com.sangcomz:FishBun:0.11.2] AndroidManifest.xml:13:13-68
256            android:authorities="com.example.bebeautyapp.fishbunfileprovider"
256-->[com.sangcomz:FishBun:0.11.2] AndroidManifest.xml:14:13-71
257            android:exported="false"
257-->[com.sangcomz:FishBun:0.11.2] AndroidManifest.xml:15:13-37
258            android:grantUriPermissions="true" >
258-->[com.sangcomz:FishBun:0.11.2] AndroidManifest.xml:16:13-47
259            <meta-data
259-->[:image_picker_android] AndroidManifest.xml:15:13-17:75
260                android:name="android.support.FILE_PROVIDER_PATHS"
260-->[:image_picker_android] AndroidManifest.xml:16:17-67
261                android:resource="@xml/provider_paths" />
261-->[:image_picker_android] AndroidManifest.xml:17:17-72
262        </provider>
263
264        <activity
264-->[com.sangcomz:FishBun:0.11.2] AndroidManifest.xml:22:9-25:51
265            android:name="com.sangcomz.fishbun.ui.album.AlbumActivity"
265-->[com.sangcomz:FishBun:0.11.2] AndroidManifest.xml:23:13-71
266            android:label="@string/album"
266-->[com.sangcomz:FishBun:0.11.2] AndroidManifest.xml:24:13-42
267            android:theme="@style/FishBunTheme" />
267-->[com.sangcomz:FishBun:0.11.2] AndroidManifest.xml:25:13-48
268        <activity
268-->[com.sangcomz:FishBun:0.11.2] AndroidManifest.xml:26:9-28:51
269            android:name="com.sangcomz.fishbun.ui.picker.PickerActivity"
269-->[com.sangcomz:FishBun:0.11.2] AndroidManifest.xml:27:13-73
270            android:theme="@style/FishBunTheme" />
270-->[com.sangcomz:FishBun:0.11.2] AndroidManifest.xml:28:13-48
271        <activity
271-->[com.sangcomz:FishBun:0.11.2] AndroidManifest.xml:29:9-31:54
272            android:name="com.sangcomz.fishbun.ui.detail.DetailActivity"
272-->[com.sangcomz:FishBun:0.11.2] AndroidManifest.xml:30:13-73
273            android:theme="@style/DetailViewTheme" />
273-->[com.sangcomz:FishBun:0.11.2] AndroidManifest.xml:31:13-51
274
275        <uses-library
275-->[androidx.window:window:1.0.0-beta04] AndroidManifest.xml:25:9-27:40
276            android:name="androidx.window.extensions"
276-->[androidx.window:window:1.0.0-beta04] AndroidManifest.xml:26:13-54
277            android:required="false" />
277-->[androidx.window:window:1.0.0-beta04] AndroidManifest.xml:27:13-37
278        <uses-library
278-->[androidx.window:window:1.0.0-beta04] AndroidManifest.xml:28:9-30:40
279            android:name="androidx.window.sidecar"
279-->[androidx.window:window:1.0.0-beta04] AndroidManifest.xml:29:13-51
280            android:required="false" />
280-->[androidx.window:window:1.0.0-beta04] AndroidManifest.xml:30:13-37
281    </application>
282
283</manifest>